[2018-08-01 12:08:09pm]test@gmail.com submitting a ticket
[2018-08-01 12:08:09pm]test@gmail.com The file enrollment.pdf has been uploaded.
[2018-08-01 12:08:09pm]test@gmail.com Sent successfully
[2018-08-01 12:14:17pm]test@gmail.com submitting a ticket
[2018-08-01 12:14:17pm]test@gmail.com The file enrollment.pdf has been uploaded.
[2018-08-01 12:14:17pm]test@gmail.com Sent successfully
[2018-08-01 12:14:37pm]test@gmail.com tried to add label:GEO, Budget Modification
[2018-08-01 12:14:38pm]test@gmail.com set ticket as priority
[2018-09-04 12:50:59pm]anthonydigiorgio@hotmail.com submitting a ticket
[2018-09-04 12:50:59pm]anthonydigiorgio@hotmail.com The file Tonys Grant.docx has been uploaded.
[2018-09-04 12:50:59pm]anthonydigiorgio@hotmail.com Sent successfully
[2018-09-04 12:51:19pm]anthonydigiorgio@hotmail.com tried to add label:OBS, Monthly IDC Processing
[2018-09-04 12:51:21pm]anthonydigiorgio@hotmail.com set ticket as urgent
[2018-09-04 01:11:57pm]anthonydigiorgio@hotmail.com submitting a ticket
[2018-09-04 01:11:57pm]anthonydigiorgio@hotmail.com The file Tonys Grant.docx has been uploaded.
[2018-09-04 01:11:57pm]anthonydigiorgio@hotmail.com Sent successfully
[2018-09-04 01:12:17pm]anthonydigiorgio@hotmail.com tried to add label:EMB, Financial Report Review
[2018-09-04 01:12:18pm]anthonydigiorgio@hotmail.com set ticket as urgent
[2018-09-04 01:35:26pm]anthonydigiorgio@hotmail.com submitting a ticket
[2018-09-04 01:35:26pm]anthonydigiorgio@hotmail.com/srv/Web/Drupal7/carnegiescience.edu/sites/default/groove/upload/ File upload error.
[2018-09-04 01:35:26pm]anthonydigiorgio@hotmail.com Sent successfully
[2018-09-04 01:35:47pm]anthonydigiorgio@hotmail.com tried to add label:DTM, Budget Modification
